<?xml version="1.0" encoding="UTF-8"?>
<testng-results skipped="0" failed="0" ignored="0" total="2" passed="2">
  <reporter-output>
  </reporter-output>
  <suite name="Suite" duration-ms="16282" started-at="2019-08-11T10:52:35Z" finished-at="2019-08-11T10:52:51Z">
    <groups>
      <group name="cucumber">
        <method signature="AbstractTestNGCucumberTests.runScenario(cucumber.api.testng.PickleEventWrapper, cucumber.api.testng.CucumberFeatureWrapper)[pri:0, instance:com.leafBot.testcases.TC001_Login@731a74c]" name="runScenario" class="cucumber.api.testng.AbstractTestNGCucumberTests"/>
      </group> <!-- cucumber -->
    </groups>
    <test name="Test" duration-ms="16282" started-at="2019-08-11T10:52:35Z" finished-at="2019-08-11T10:52:51Z">
      <class name="com.leafBot.testcases.TC001_Login">
        <test-method status="PASS" signature="startReport()[pri:0, instance:com.leafBot.testcases.TC001_Login@731a74c]" name="startReport" is-config="true" duration-ms="301" started-at="2019-08-11T10:52:35Z" finished-at="2019-08-11T10:52:35Z">
          <reporter-output>
          </reporter-output>
        </test-method> <!-- startReport -->
        <test-method status="PASS" signature="setData()[pri:0, instance:com.leafBot.testcases.TC001_Login@731a74c]" name="setData" is-config="true" duration-ms="0" started-at="2019-08-11T10:52:35Z" finished-at="2019-08-11T10:52:35Z">
          <reporter-output>
          </reporter-output>
        </test-method> <!-- setData -->
        <test-method status="PASS" signature="setUpClass()[pri:0, instance:com.leafBot.testcases.TC001_Login@731a74c]" name="setUpClass" is-config="true" duration-ms="111" started-at="2019-08-11T10:52:35Z" finished-at="2019-08-11T10:52:35Z">
          <reporter-output>
          </reporter-output>
        </test-method> <!-- setUpClass -->
        <test-method status="PASS" signature="report()[pri:0, instance:com.leafBot.testcases.TC001_Login@731a74c]" name="report" is-config="true" duration-ms="8" started-at="2019-08-11T10:52:35Z" finished-at="2019-08-11T10:52:35Z">
          <reporter-output>
          </reporter-output>
        </test-method> <!-- report -->
        <test-method status="PASS" signature="beforeMethod()[pri:0, instance:com.leafBot.testcases.TC001_Login@731a74c]" name="beforeMethod" is-config="true" duration-ms="5787" started-at="2019-08-11T10:52:36Z" finished-at="2019-08-11T10:52:41Z">
          <reporter-output>
          </reporter-output>
        </test-method> <!-- beforeMethod -->
        <test-method status="PASS" signature="runLogin(java.lang.String, java.lang.String)[pri:0, instance:com.leafBot.testcases.TC001_Login@731a74c]" name="runLogin" duration-ms="2762" started-at="2019-08-11T10:52:41Z" data-provider="fetchData" finished-at="2019-08-11T10:52:44Z">
          <params>
            <param index="0">
              <value>
                <![CDATA[DemoSalesManager]]>
              </value>
            </param>
            <param index="1">
              <value>
                <![CDATA[crmsfa]]>
              </value>
            </param>
          </params>
          <reporter-output>
          </reporter-output>
        </test-method> <!-- runLogin -->
        <test-method status="PASS" signature="afterMethod()[pri:0, instance:com.leafBot.testcases.TC001_Login@731a74c]" name="afterMethod" is-config="true" duration-ms="54" started-at="2019-08-11T10:52:44Z" finished-at="2019-08-11T10:52:44Z">
          <reporter-output>
          </reporter-output>
        </test-method> <!-- afterMethod -->
        <test-method status="PASS" signature="beforeMethod()[pri:0, instance:com.leafBot.testcases.TC001_Login@731a74c]" name="beforeMethod" is-config="true" duration-ms="4638" started-at="2019-08-11T10:52:44Z" finished-at="2019-08-11T10:52:49Z">
          <reporter-output>
          </reporter-output>
        </test-method> <!-- beforeMethod -->
        <test-method status="PASS" signature="runLogin(java.lang.String, java.lang.String)[pri:0, instance:com.leafBot.testcases.TC001_Login@731a74c]" name="runLogin" duration-ms="2202" started-at="2019-08-11T10:52:49Z" data-provider="fetchData" finished-at="2019-08-11T10:52:51Z">
          <params>
            <param index="0">
              <value>
                <![CDATA[DemoCSR]]>
              </value>
            </param>
            <param index="1">
              <value>
                <![CDATA[crmsfa]]>
              </value>
            </param>
          </params>
          <reporter-output>
          </reporter-output>
        </test-method> <!-- runLogin -->
        <test-method status="PASS" signature="afterMethod()[pri:0, instance:com.leafBot.testcases.TC001_Login@731a74c]" name="afterMethod" is-config="true" duration-ms="111" started-at="2019-08-11T10:52:51Z" finished-at="2019-08-11T10:52:51Z">
          <reporter-output>
          </reporter-output>
        </test-method> <!-- afterMethod -->
        <test-method status="PASS" signature="tearDownClass()[pri:0, instance:com.leafBot.testcases.TC001_Login@731a74c]" name="tearDownClass" is-config="true" duration-ms="3" started-at="2019-08-11T10:52:51Z" finished-at="2019-08-11T10:52:51Z">
          <reporter-output>
          </reporter-output>
        </test-method> <!-- tearDownClass -->
        <test-method status="PASS" signature="stopReport()[pri:0, instance:com.leafBot.testcases.TC001_Login@731a74c]" name="stopReport" is-config="true" duration-ms="240" started-at="2019-08-11T10:52:51Z" finished-at="2019-08-11T10:52:52Z">
          <reporter-output>
          </reporter-output>
        </test-method> <!-- stopReport -->
      </class> <!-- com.leafBot.testcases.TC001_Login -->
    </test> <!-- Test -->
  </suite> <!-- Suite -->
</testng-results>
