<?xml version="1.0" encoding="UTF-8"?>
<!-- Generated by org.testng.reporters.JUnitXMLReporter -->
<testsuite hostname="DESKTOP-DK36137" ignored="0" name="Test" tests="2" failures="0" timestamp="10 Aug 2019 11:12:27 GMT" time="0.741" errors="0">
  <testcase name="@BeforeClass report" time="0.0" classname="utils.Reporter">
    <failure type="java.lang.IllegalArgumentException" message="testName cannot be null or empty">
      <![CDATA[java.lang.IllegalArgumentException: testName cannot be null or empty
at com.aventstack.extentreports.ExtentTest.<init>(ExtentTest.java:80)
at com.aventstack.extentreports.ExtentTest.<init>(ExtentTest.java:100)
at com.aventstack.extentreports.ExtentReports.createTest(ExtentReports.java:238)
at utils.Reporter.report(Reporter.java:37)
... Removed 26 stack frames]]>
    </failure>
  </testcase> <!-- @BeforeClass report -->
  <testcase name="@BeforeMethod beforeMethod" time="0.0" classname="com.leafBot.testng.api.base.ProjectSpecificMethods">
    <skipped/>
  </testcase> <!-- @BeforeMethod beforeMethod -->
  <testcase name="@AfterMethod afterMethod" time="0.0" classname="com.leafBot.testng.api.base.ProjectSpecificMethods">
    <skipped/>
  </testcase> <!-- @AfterMethod afterMethod -->
  <testcase name="@BeforeMethod beforeMethod" time="0.0" classname="com.leafBot.testng.api.base.ProjectSpecificMethods">
    <skipped/>
  </testcase> <!-- @BeforeMethod beforeMethod -->
  <testcase name="@AfterMethod afterMethod" time="0.0" classname="com.leafBot.testng.api.base.ProjectSpecificMethods">
    <skipped/>
  </testcase> <!-- @AfterMethod afterMethod -->
  <testcase name="runLogin" time="0.0" classname="com.leafBot.testcases.TC001_Login">
    <skipped/>
  </testcase> <!-- runLogin -->
  <testcase name="runLogin" time="0.0" classname="com.leafBot.testcases.TC001_Login">
    <skipped/>
  </testcase> <!-- runLogin -->
</testsuite> <!-- Test -->
